<?xml version="1.0" encoding="UTF-8"?>
<!-- Generated by org.testng.reporters.JUnitReportReporter -->
<testsuite hostname="sagars-PC" failures="0" tests="4" name="kiteAppTestClasses.NewTestAssignment_3" time="9.440" errors="0" timestamp="2022-06-22T14:44:20 IST" skipped="0">
  <testcase classname="kiteAppTestClasses.NewTestAssignment_3" name="Test4" time="0.875"/>
  <system-out/>
  <testcase classname="kiteAppTestClasses.NewTestAssignment_3" name="Test1" time="6.738"/>
  <system-out/>
  <testcase classname="kiteAppTestClasses.NewTestAssignment_3" name="Test2" time="0.861"/>
  <system-out>
    <![CDATA[Actual and expected error msg are matching,TC is passed]]>
  </system-out>
  <testcase classname="kiteAppTestClasses.NewTestAssignment_3" name="Test3" time="0.966"/>
  <system-out/>
</testsuite> <!-- kiteAppTestClasses.NewTestAssignment_3 -->
