<?xml version="1.0" encoding="UTF-8"?>
<!-- Generated by org.testng.reporters.JUnitReportReporter -->
<testsuite hostname="sagars-PC" failures="0" tests="1" name="VerificationUsingTestNG.Verification" time="27.464" errors="0" timestamp="2022-06-17T15:07:03 IST" skipped="0">
  <testcase classname="VerificationUsingTestNG.Verification" name="TC" time="27.464"/>
  <system-out>
    <![CDATA[option 1 is selected TC is passed]]>
  </system-out>
</testsuite> <!-- VerificationUsingTestNG.Verification -->
