<?xml version="1.0" encoding="UTF-8"?>
<!-- Generated by org.testng.reporters.JUnitReportReporter -->
<testsuite hostname="sagars-PC" failures="0" tests="3" name="TestNG.AnnotationStudy" time="0.018" errors="0" timestamp="2022-06-14T15:40:01 IST" skipped="0">
  <testcase classname="TestNG.AnnotationStudy" name="mytest3" time="0.008"/>
  <system-out>
    <![CDATA[Test method3 is running]]>
  </system-out>
  <testcase classname="TestNG.AnnotationStudy" name="mytest4" time="0.003"/>
  <system-out>
    <![CDATA[Test method4 is running]]>
  </system-out>
  <testcase classname="TestNG.AnnotationStudy" name="mytest5" time="0.007"/>
  <system-out>
    <![CDATA[Test method5 is running]]>
  </system-out>
</testsuite> <!-- TestNG.AnnotationStudy -->
