<?xml version="1.0" encoding="UTF-8"?>
<!-- Generated by org.testng.reporters.JUnitReportReporter -->
<testsuite hostname="sagars-PC" failures="0" tests="5" name="TestNG.PriorityStudy" time="0.027" errors="0" timestamp="2022-06-14T15:54:31 IST" skipped="0">
  <testcase classname="TestNG.PriorityStudy" name="D" time="0.003"/>
  <system-out>
    <![CDATA[A is running]]>
  </system-out>
  <testcase classname="TestNG.PriorityStudy" name="A" time="0.017"/>
  <system-out>
    <![CDATA[D is running]]>
  </system-out>
  <testcase classname="TestNG.PriorityStudy" name="B" time="0.002"/>
  <system-out>
    <![CDATA[B is running]]>
  </system-out>
  <testcase classname="TestNG.PriorityStudy" name="E" time="0.002"/>
  <system-out>
    <![CDATA[E is running]]>
  </system-out>
  <testcase classname="TestNG.PriorityStudy" name="C" time="0.003"/>
  <system-out>
    <![CDATA[C is running]]>
  </system-out>
</testsuite> <!-- TestNG.PriorityStudy -->
