<?xml version="1.0" encoding="UTF-8"?>
<!-- Generated by org.testng.reporters.JUnitReportReporter -->
<testsuite hostname="sagars-PC" failures="0" tests="3" name="XMLStudy.MyTest1" time="0.008" errors="0" timestamp="2022-06-14T21:35:21 IST" skipped="0">
  <testcase classname="XMLStudy.MyTest1" name="Method8" time="0.003"/>
  <system-out>
    <![CDATA[Mthod 8 is running]]>
  </system-out>
  <testcase classname="XMLStudy.MyTest1" name="Method10" time="0.003"/>
  <system-out>
    <![CDATA[Mthod 10 is running]]>
  </system-out>
  <testcase classname="XMLStudy.MyTest1" name="Method9" time="0.002"/>
  <system-out>
    <![CDATA[Mthod 9 is running]]>
  </system-out>
</testsuite> <!-- XMLStudy.MyTest1 -->
