<?xml version="1.0" encoding="UTF-8"?>
<!-- Generated by org.testng.reporters.JUnitReportReporter -->
<testsuite hostname="sagars-PC" failures="0" tests="2" name="XMLStudy.MyTest2" time="0.020" errors="0" timestamp="2022-06-15T15:22:01 IST" skipped="0">
  <testcase classname="XMLStudy.MyTest2" name="Method5" time="0.002"/>
  <system-out>
    <![CDATA[Mthod 5 is running]]>
  </system-out>
  <testcase classname="XMLStudy.MyTest2" name="Method3" time="0.018"/>
  <system-out>
    <![CDATA[Mthod 3 is running]]>
  </system-out>
</testsuite> <!-- XMLStudy.MyTest2 -->
