<?xml version="1.0" encoding="UTF-8"?>
<!-- Generated by org.testng.reporters.JUnitReportReporter -->
<testsuite hostname="sagars-PC" failures="0" tests="4" name="TestNG.InvocationCountStudy" time="0.028" errors="0" timestamp="2022-06-14T15:48:51 IST" skipped="0">
  <testcase classname="TestNG.InvocationCountStudy" name="A" time="0.018"/>
  <system-out>
    <![CDATA[A is running]]>
  </system-out>
  <testcase classname="TestNG.InvocationCountStudy" name="A" time="0.002"/>
  <system-out>
    <![CDATA[A is running]]>
  </system-out>
  <testcase classname="TestNG.InvocationCountStudy" name="A" time="0.002"/>
  <system-out>
    <![CDATA[A is running]]>
  </system-out>
  <testcase classname="TestNG.InvocationCountStudy" name="D" time="0.006"/>
  <system-out>
    <![CDATA[D is running]]>
  </system-out>
</testsuite> <!-- TestNG.InvocationCountStudy -->
