<?xml version="1.0" encoding="UTF-8"?>
<!-- Generated by org.testng.reporters.JUnitReportReporter -->
<testsuite hostname="sagars-PC" failures="0" tests="3" name="TestNG.EnableStudy" time="0.017" errors="0" timestamp="2022-06-14T20:16:26 IST" skipped="1">
  <testcase classname="TestNG.EnableStudy" name="C" time="0.015"/>
  <system-out>
    <![CDATA[C is running]]>
  </system-out>
  <testcase classname="TestNG.EnableStudy" name="E" time="0.002"/>
  <system-out>
    <![CDATA[E is running]]>
  </system-out>
  <testcase classname="TestNG.EnableStudy" name="B">
    <skipped/>
  </testcase> <!-- B -->
  <system-out/>
</testsuite> <!-- TestNG.EnableStudy -->
