<?xml version="1.0" encoding="UTF-8"?>
<!-- Generated by org.testng.reporters.JUnitReportReporter -->
<testsuite hostname="sagars-PC" failures="0" tests="1" name="kiteAppTestClasses.ValidateUserId" time="7.844" errors="0" timestamp="2022-06-21T13:47:53 IST" skipped="0">
  <testcase classname="kiteAppTestClasses.ValidateUserId" name="validateusername" time="7.844"/>
  <system-out>
    <![CDATA[Userid are matching TC is passed]]>
  </system-out>
</testsuite> <!-- kiteAppTestClasses.ValidateUserId -->
