<?xml version="1.0" encoding="UTF-8"?>
<!-- Generated by org.testng.reporters.JUnitReportReporter -->
<testsuite hostname="sagars-PC" failures="0" tests="2" name="XMLStudy.MyTest" time="0.019" errors="0" timestamp="2022-06-14T21:35:21 IST" skipped="0">
  <testcase classname="XMLStudy.MyTest" name="Method1" time="0.017"/>
  <system-out>
    <![CDATA[Mthod 1 is running]]>
  </system-out>
  <testcase classname="XMLStudy.MyTest" name="Method2" time="0.002"/>
  <system-out>
    <![CDATA[Mthod 2 is running]]>
  </system-out>
</testsuite> <!-- XMLStudy.MyTest -->
