<?xml version="1.0" encoding="UTF-8"?>
<!-- Generated by org.testng.reporters.JUnitReportReporter -->
<testsuite hostname="sagars-PC" failures="0" tests="1" name="kiteAppTestClasses.TestNGAssignmnt" time="1.071" errors="0" timestamp="2022-06-21T21:45:21 IST" skipped="0">
  <testcase classname="kiteAppTestClasses.TestNGAssignmnt" name="screenshotAndScroll" time="1.071"/>
  <system-out/>
</testsuite> <!-- kiteAppTestClasses.TestNGAssignmnt -->
