<?xml version="1.0" encoding="UTF-8"?>
<!-- Generated by org.testng.reporters.JUnitReportReporter -->
<testsuite hostname="sagars-PC" failures="0" tests="1" name="VerificationUsingTestNG.asserttrue" time="0.021" errors="0" timestamp="2022-06-17T15:34:24 IST" skipped="0">
  <testcase classname="VerificationUsingTestNG.asserttrue" name="method" time="0.021"/>
  <system-out>
    <![CDATA[value is true TC is passed
value is false TC is passed]]>
  </system-out>
</testsuite> <!-- VerificationUsingTestNG.asserttrue -->
