<?xml version="1.0" encoding="UTF-8"?>
<!-- Generated by org.testng.reporters.JUnitReportReporter -->
<testsuite hostname="sagars-PC" failures="0" tests="1" name="VerificationUsingTestNG.assertequals" time="0.019" errors="0" timestamp="2022-06-17T15:16:49 IST" skipped="0">
  <testcase classname="VerificationUsingTestNG.assertequals" name="method" time="0.019"/>
  <system-out>
    <![CDATA[String is matcing TC is passed 
String is not matcing TC is passed ]]>
  </system-out>
</testsuite> <!-- VerificationUsingTestNG.assertequals -->
