<?xml version="1.0" encoding="UTF-8"?>
<!-- Generated by org.testng.reporters.JUnitReportReporter -->
<testsuite hostname="sagars-PC" failures="0" tests="4" name="TestNG.TestNG_Keywords" time="0.023" errors="0" timestamp="2022-06-14T15:45:45 IST" skipped="0">
  <testcase classname="TestNG.TestNG_Keywords" name="C" time="0.003"/>
  <system-out>
    <![CDATA[C is running]]>
  </system-out>
  <testcase classname="TestNG.TestNG_Keywords" name="D" time="0.002"/>
  <system-out>
    <![CDATA[D is running]]>
  </system-out>
  <testcase classname="TestNG.TestNG_Keywords" name="A" time="0.016"/>
  <system-out>
    <![CDATA[A is running]]>
  </system-out>
  <testcase classname="TestNG.TestNG_Keywords" name="B" time="0.002"/>
  <system-out>
    <![CDATA[B is running]]>
  </system-out>
</testsuite> <!-- TestNG.TestNG_Keywords -->
