<?xml version="1.0" encoding="UTF-8"?>
<!-- Generated by org.testng.reporters.JUnitReportReporter -->
<testsuite hostname="sagars-PC" failures="0" tests="1" name="Serial_Parallel.Myclass2" time="59.740" errors="0" timestamp="2022-06-18T10:35:38 IST" skipped="0">
  <testcase classname="Serial_Parallel.Myclass2" name="Method2" time="59.740"/>
  <system-out>
    <![CDATA[Method2 is running]]>
  </system-out>
</testsuite> <!-- Serial_Parallel.Myclass2 -->
