<?xml version="1.0" encoding="UTF-8"?>
<!-- Generated by org.testng.reporters.JUnitReportReporter -->
<testsuite hostname="sagars-PC" failures="0" tests="1" name="TestNG.NewTest" time="0.016" errors="0" timestamp="2022-06-13T00:09:15 IST" skipped="0">
  <testcase classname="TestNG.NewTest" name="f" time="0.016"/>
  <system-out>
    <![CDATA[Hello World]]>
  </system-out>
</testsuite> <!-- TestNG.NewTest -->
