<?xml version="1.0" encoding="UTF-8"?>
<!-- Generated by org.testng.reporters.JUnitReportReporter -->
<testsuite hostname="sagars-PC" failures="0" tests="1" name="Serial_Parallel.Myclass1" time="55.762" errors="0" timestamp="2022-06-18T10:35:38 IST" skipped="0">
  <testcase classname="Serial_Parallel.Myclass1" name="Method1" time="55.762"/>
  <system-out>
    <![CDATA[Method1 is running]]>
  </system-out>
</testsuite> <!-- Serial_Parallel.Myclass1 -->
