<?xml version="1.0" encoding="UTF-8"?>
<!-- Generated by org.testng.reporters.JUnitReportReporter -->
<testsuite hostname="sagars-PC" failures="0" tests="1" name="Serial_Parallel.Method3" time="22.196" errors="0" timestamp="2022-06-16T23:27:17 IST" skipped="0">
  <testcase classname="Serial_Parallel.Method3" name="Method3" time="22.196"/>
  <system-out>
    <![CDATA[Method3 is running]]>
  </system-out>
</testsuite> <!-- Serial_Parallel.Method3 -->
