<?xml version="1.0" encoding="UTF-8"?>
<!-- Generated by org.testng.reporters.JUnitReportReporter -->
<testsuite hostname="sagars-PC" failures="0" tests="2" name="TestNG.Study" time="0.008" errors="0" timestamp="2022-06-14T15:40:01 IST" skipped="0">
  <testcase classname="TestNG.Study" name="mytest1" time="0.006"/>
  <system-out>
    <![CDATA[Test method1 is running]]>
  </system-out>
  <testcase classname="TestNG.Study" name="mytest2" time="0.002"/>
  <system-out>
    <![CDATA[Test method2 is running]]>
  </system-out>
</testsuite> <!-- TestNG.Study -->
