<?xml version="1.0" encoding="UTF-8"?>
<!-- Generated by org.testng.reporters.JUnitReportReporter -->
<testsuite hostname="sagars-PC" failures="0" tests="2" name="testListener.MyClass1" time="0.020" errors="0" timestamp="2022-06-22T15:09:04 IST" skipped="0">
  <testcase classname="testListener.MyClass1" name="method2" time="0.002"/>
  <system-out>
    <![CDATA[Namaste
Tc is passed]]>
  </system-out>
  <testcase classname="testListener.MyClass1" name="method1" time="0.018"/>
  <system-out>
    <![CDATA[Hii
Tc is passed]]>
  </system-out>
</testsuite> <!-- testListener.MyClass1 -->
