<?xml version="1.0" encoding="UTF-8"?>
<!-- Generated by org.testng.reporters.JUnitReportReporter -->
<testsuite hostname="sagars-PC" failures="0" tests="1" name="kiteAppTestClasses.kiteUNTestUsingProperty" time="5.428" errors="0" timestamp="2022-06-21T14:58:15 IST" skipped="0">
  <testcase classname="kiteAppTestClasses.kiteUNTestUsingProperty" name="validateUN" time="5.428"/>
  <system-out>
    <![CDATA[Userid are matching TC is passed]]>
  </system-out>
</testsuite> <!-- kiteAppTestClasses.kiteUNTestUsingProperty -->
