<?xml version="1.0" encoding="UTF-8"?>
<!-- Generated by org.testng.reporters.JUnitReportReporter -->
<testsuite hostname="sagars-PC" failures="0" tests="2" name="testListener.MyClass2" time="0.005" errors="0" timestamp="2022-06-22T15:09:04 IST" skipped="0">
  <testcase classname="testListener.MyClass2" name="method3" time="0.003"/>
  <system-out>
    <![CDATA[Jai Maharashtra
Tc is passed]]>
  </system-out>
  <testcase classname="testListener.MyClass2" name="method4" time="0.002"/>
  <system-out>
    <![CDATA[Jai Hind
Tc is passed]]>
  </system-out>
</testsuite> <!-- testListener.MyClass2 -->
